########### array before sorts ###########
0	-0.063106	-48.838819	149.776894	-48.838819	n
1	149.776894	-48.838819	149.840000	100.000000	n
2	149.840000	100.000000	0.000000	100.000000	n
3	0.000000	100.000000	-0.063106	-48.838819	n
Tolerance=0.050000.
*Exact match for i=0 and j=1.
*i point -0.063106	-48.838819	149.776894	-48.838819	y
*Exact match for i=1 and j=2.
*i point 149.776894	-48.838819	149.840000	100.000000	y
*Exact match for i=2 and j=3.
*i point 149.840000	100.000000	0.000000	100.000000	y
########### array after sorts ###########
0	-0.063106	-48.838819	149.776894	-48.838819	y
1	149.776894	-48.838819	149.840000	100.000000	y
2	149.840000	100.000000	0.000000	100.000000	y
3	0.000000	100.000000	-0.063106	-48.838819	y
***************
.BOARD_OUTLINE UNOWNED
1.6
0     -0.063106     -48.838819     0
0     149.776894     -48.838819     0
0     149.840000     100.000000     0
0     0.000000     100.000000     0
0     -0.063106     -48.838819     0
